<?xml version="1.0" encoding="UTF-8"?>
<testsuite name="CalculatorTest" tests="1" skipped="0" failures="0" errors="0" timestamp="2023-10-25T09:43:22" hostname="DESKTOP-CVHDPDP" time="0.013">
  <properties/>
  <testcase name="DollorCalculatorTest()" classname="CalculatorTest" time="0.013"/>
  <system-out><![CDATA[]]></system-out>
  <system-err><![CDATA[]]></system-err>
</testsuite>
